<?xml version="1.0" encoding="UTF-8"?>
<!-- Generated by org.testng.reporters.JUnitReportReporter -->
<testsuite skipped="0" hostname="dell" name="liveguru99.MoblileListpage" tests="2" failures="0" timestamp="2019-08-02T10:20:29 IST" time="13.135" errors="0">
  <testcase name="testdata1case1" time="2.934" classname="liveguru99.MoblileListpage"/>
  <testcase name="testdata1case2" time="10.201" classname="liveguru99.MoblileListpage"/>
</testsuite> <!-- liveguru99.MoblileListpage -->
